<?xml version="1.0" encoding="UTF-8"?>
<!-- Generated by org.testng.reporters.JUnitReportReporter -->
<testsuite hostname="sunwin-PC" name="Test.Login" tests="1" failures="0" timestamp="9 Jan 2018 05:20:16 GMT" time="40.653" errors="0">
  <testcase name="loginTestGeturl" time="40.653" classname="Test.Login"/>
</testsuite> <!-- Test.Login -->
