<?xml version="1.0" encoding="UTF-8"?>
<!-- Generated by org.testng.reporters.JUnitReportReporter -->
<testsuite hostname="sunwin-PC" name="Test.TestUpLoad" tests="1" failures="0" timestamp="9 Jan 2018 03:05:26 GMT" time="87.764" errors="0">
  <testcase name="testUpLoad" time="87.764" classname="Test.TestUpLoad"/>
</testsuite> <!-- Test.TestUpLoad -->
